<?xml version="1.0" encoding="UTF-8"?>
<!-- Generated by org.testng.reporters.JUnitXMLReporter -->
<testsuite ignored="0" hostname="DESKTOP-HV7FO7F" failures="0" tests="6" name="Test" time="9.071" errors="0" timestamp="04 Jan 2023 14:09:52 GMT">
  <testcase classname="org.blaze.BlazeDemoExecution" name="tc01" time="1.642"/>
  <testcase classname="org.blaze.BlazeDemoExecution" name="tc02" time="0.841"/>
  <testcase classname="org.blaze.BlazeDemoExecution" name="tc03" time="0.755"/>
  <testcase classname="org.blaze.BlazeDemoExecution" name="tc04" time="0.041"/>
  <testcase classname="org.blaze.BlazeDemoExecution" name="tc05" time="0.593"/>
  <testcase classname="org.blaze.BlazeDemoExecution" name="tc06" time="0.63"/>
</testsuite> <!-- Test -->
